<?xml version="1.0" encoding="UTF-8"?>
<!-- Generated by org.testng.reporters.JUnitXMLReporter -->
<testsuite ignored="0" hostname="DESKTOP-HGMMMJR" failures="0" tests="4" name="TestLocators" time="75.432" errors="0" timestamp="2021-12-12T00:31:05 IST">
  <testcase classname="com.test.locators.TestLocatorID" name="VerifyLocatorID" time="14.679"/>
  <testcase classname="com.test.locators.TestLocatorsCSSSelectors" name="VerifyLocatorID" time="20.319"/>
  <testcase classname="com.test.locators.TestLocatorName" name="VerifyLocatorName" time="19.881"/>
  <testcase classname="com.test.locators.TestLocatorXpath" name="VerifyLocatorXpath" time="20.499"/>
</testsuite> <!-- TestLocators -->
