<?xml version="1.0" encoding="UTF-8"?>
<testng-results ignored="0" total="1" passed="1" failed="0" skipped="0">
  <reporter-output>
  </reporter-output>
  <suite started-at="2021-12-12T02:06:17 IST" name="PageObjectmodelSuite" finished-at="2021-12-12T02:06:33 IST" duration-ms="16525">
    <groups>
    </groups>
    <test started-at="2021-12-12T02:06:17 IST" name="PomTest" finished-at="2021-12-12T02:06:33 IST" duration-ms="16525">
      <class name="com.test.PageObjectmodel.TestOrangeHRMLogin">
        <test-method signature="VerifyValidLogin()[pri:0, instance:com.test.PageObjectmodel.TestOrangeHRMLogin@39529185]" started-at="2021-12-12T02:06:17 IST" name="VerifyValidLogin" finished-at="2021-12-12T02:06:33 IST" duration-ms="16410" status="PASS">
          <reporter-output>
          </reporter-output>
        </test-method> <!-- VerifyValidLogin -->
      </class> <!-- com.test.PageObjectmodel.TestOrangeHRMLogin -->
    </test> <!-- PomTest -->
  </suite> <!-- PageObjectmodelSuite -->
</testng-results>
