<?xml version="1.0" encoding="UTF-8"?>
<!-- Generated by org.testng.reporters.JUnitXMLReporter -->
<testsuite ignored="0" hostname="DESKTOP-HGMMMJR" failures="0" tests="4" name="TestLocators" time="75.401" errors="0" timestamp="2021-12-11T23:56:56 IST">
  <testcase classname="com.test.locators.TestLocatorID" name="VerifyLocatorID" time="14.669"/>
  <testcase classname="com.test.locators.TestLocatorsCSSSelectors" name="VerifyLocatorID" time="20.235"/>
  <testcase classname="com.test.locators.TestLocatorName" name="VerifyLocatorName" time="19.937"/>
  <testcase classname="com.test.locators.TestLocatorXpath" name="VerifyLocatorXpath" time="20.514"/>
</testsuite> <!-- TestLocators -->
